\BOOKMARK [0][-]{chapter.1}{Introduction}{}% 1
\BOOKMARK [1][-]{section.1.1}{Background}{chapter.1}% 2
\BOOKMARK [1][-]{section.1.2}{Purpose}{chapter.1}% 3
\BOOKMARK [1][-]{section.1.3}{Objective}{chapter.1}% 4
\BOOKMARK [1][-]{section.1.4}{Scope}{chapter.1}% 5
\BOOKMARK [0][-]{chapter.2}{Theory}{}% 6
\BOOKMARK [1][-]{section.2.1}{Verification}{chapter.2}% 7
\BOOKMARK [2][-]{subsection.2.1.1}{Formal Verification}{section.2.1}% 8
\BOOKMARK [2][-]{subsection.2.1.2}{Semi foramal verification}{section.2.1}% 9
\BOOKMARK [1][-]{section.2.2}{Industrial Safety Standards}{chapter.2}% 10
\BOOKMARK [2][-]{subsection.2.2.1}{IEC 61508 and ISO 26262}{section.2.2}% 11
\BOOKMARK [2][-]{subsection.2.2.2}{AUTOSAR \(AUTomotive Open System ARchitecture\)}{section.2.2}% 12
\BOOKMARK [1][-]{section.2.3}{Existing Software}{chapter.2}% 13
\BOOKMARK [2][-]{subsection.2.3.1}{QuickCheck}{section.2.3}% 14
\BOOKMARK [2][-]{subsection.2.3.2}{Erlang}{section.2.3}% 15
\BOOKMARK [2][-]{subsection.2.3.3}{SPIN}{section.2.3}% 16
\BOOKMARK [2][-]{subsection.2.3.4}{McErlang}{section.2.3}% 17
\BOOKMARK [2][-]{subsection.2.3.5}{CRL toolset}{section.2.3}% 18
\BOOKMARK [2][-]{subsection.2.3.6}{CADP}{section.2.3}% 19
\BOOKMARK [2][-]{subsection.2.3.7}{Parasoft}{section.2.3}% 20
\BOOKMARK [1][-]{section.2.4}{Verification Methods}{chapter.2}% 21
\BOOKMARK [0][-]{chapter.3}{Method}{}% 22
\BOOKMARK [1][-]{section.3.1}{Choose of tool for verification}{chapter.3}% 23
\BOOKMARK [2][-]{subsection.3.1.1}{Why QuickCheck and Erlang?}{section.3.1}% 24
\BOOKMARK [1][-]{section.3.2}{Specification}{chapter.3}% 25
\BOOKMARK [1][-]{section.3.3}{Testing}{chapter.3}% 26
\BOOKMARK [1][-]{section.3.4}{Implementation}{chapter.3}% 27
\BOOKMARK [0][-]{chapter.4}{Result}{}% 28
\BOOKMARK [0][-]{chapter.5}{Discussion}{}% 29
\BOOKMARK [0][-]{chapter.6}{Conclusion}{}% 30
\BOOKMARK [0][-]{chapter*.2}{Bibliography}{}% 31
